INFO  - 2013-07-26 13:19:26.450; org.mortbay.log.Slf4jLog; Logging to org.slf4j.impl.Log4jLoggerAdapter(org.mortbay.log) via org.mortbay.log.Slf4jLog
INFO  - 2013-07-26 13:19:26.564; org.mortbay.log.Slf4jLog; jetty-6.1-SNAPSHOT
INFO  - 2013-07-26 13:19:27.033; org.mortbay.log.Slf4jLog; Extract file:/Users/admin/src/pi/ts-solr/solr-home/solr.war to /var/folders/kz/xwnm57dx6nn2y714rkgd7y5c0000gn/T/Jetty_0_0_0_0_8080_solr.war__solr__7k9npr/webapp
WARN  - 2013-07-26 13:19:27.588; org.mortbay.log.Slf4jLog; failed SolrRequestFilter: org.apache.solr.common.SolrException: Could not find necessary SLF4j logging jars. If using Jetty, the SLF4j logging jars need to go in the jetty lib/ext directory. For other containers, the corresponding directory should be used. For more information, see: http://wiki.apache.org/solr/SolrLogging
ERROR - 2013-07-26 13:19:27.589; org.mortbay.log.Slf4jLog; Failed startup of context org.mortbay.jetty.webapp.WebAppContext@565bb966{/solr,file:/Users/admin/src/pi/ts-solr/solr-home/solr.war}
org.apache.solr.common.SolrException: Could not find necessary SLF4j logging jars. If using Jetty, the SLF4j logging jars need to go in the jetty lib/ext directory. For other containers, the corresponding directory should be used. For more information, see: http://wiki.apache.org/solr/SolrLogging
	at org.apache.solr.servlet.SolrDispatchFilter.<init>(SolrDispatchFilter.java:105)
	at sun.reflect.NativeConstructorAccessorImpl.newInstance0(Native Method)
	at sun.reflect.NativeConstructorAccessorImpl.newInstance(NativeConstructorAccessorImpl.java:39)
	at sun.reflect.DelegatingConstructorAccessorImpl.newInstance(DelegatingConstructorAccessorImpl.java:27)
	at java.lang.reflect.Constructor.newInstance(Constructor.java:513)
	at java.lang.Class.newInstance0(Class.java:357)
	at java.lang.Class.newInstance(Class.java:310)
	at org.mortbay.jetty.servlet.Holder.newInstance(Holder.java:153)
	at org.mortbay.jetty.servlet.FilterHolder.doStart(FilterHolder.java:92)
	at org.mortbay.component.AbstractLifeCycle.start(AbstractLifeCycle.java:50)
	at org.mortbay.jetty.servlet.ServletHandler.initialize(ServletHandler.java:713)
	at org.mortbay.jetty.servlet.Context.startContext(Context.java:140)
	at org.mortbay.jetty.webapp.WebAppContext.startContext(WebAppContext.java:1282)
	at org.mortbay.jetty.handler.ContextHandler.doStart(ContextHandler.java:518)
	at org.mortbay.jetty.webapp.WebAppContext.doStart(WebAppContext.java:499)
	at org.mortbay.component.AbstractLifeCycle.start(AbstractLifeCycle.java:50)
	at org.mortbay.jetty.handler.HandlerCollection.doStart(HandlerCollection.java:152)
	at org.mortbay.jetty.handler.ContextHandlerCollection.doStart(ContextHandlerCollection.java:156)
	at org.mortbay.component.AbstractLifeCycle.start(AbstractLifeCycle.java:50)
	at org.mortbay.jetty.handler.HandlerCollection.doStart(HandlerCollection.java:152)
	at org.mortbay.component.AbstractLifeCycle.start(AbstractLifeCycle.java:50)
	at org.mortbay.jetty.handler.HandlerWrapper.doStart(HandlerWrapper.java:130)
	at org.mortbay.jetty.Server.doStart(Server.java:224)
	at org.mortbay.component.AbstractLifeCycle.start(AbstractLifeCycle.java:50)
	at org.mortbay.xml.XmlConfiguration.main(XmlConfiguration.java:985)
	at sun.reflect.NativeMethodAccessorImpl.invoke0(Native Method)
	at sun.reflect.NativeMethodAccessorImpl.invoke(NativeMethodAccessorImpl.java:39)
	at sun.reflect.DelegatingMethodAccessorImpl.invoke(DelegatingMethodAccessorImpl.java:25)
	at java.lang.reflect.Method.invoke(Method.java:597)
	at org.mortbay.start.Main.invokeMain(Main.java:194)
	at org.mortbay.start.Main.start(Main.java:534)
	at org.mortbay.start.Main.start(Main.java:441)
	at org.mortbay.start.Main.main(Main.java:119)
Caused by: java.lang.NoClassDefFoundError: org/slf4j/LoggerFactory
	at org.apache.solr.servlet.SolrDispatchFilter.<init>(SolrDispatchFilter.java:103)
	... 32 more
Caused by: java.lang.ClassNotFoundException: org.slf4j.LoggerFactory
	at java.net.URLClassLoader$1.run(URLClassLoader.java:202)
	at java.security.AccessController.doPrivileged(Native Method)
	at java.net.URLClassLoader.findClass(URLClassLoader.java:190)
	at org.mortbay.jetty.webapp.WebAppClassLoader.loadClass(WebAppClassLoader.java:392)
	at org.mortbay.jetty.webapp.WebAppClassLoader.loadClass(WebAppClassLoader.java:363)
	... 33 more
WARN  - 2013-07-26 13:19:27.607; org.mortbay.log.Slf4jLog; failed org.mortbay.jetty.webapp.WebAppContext@565bb966{/solr,file:/Users/admin/src/pi/ts-solr/solr-home/solr.war}: java.lang.NoClassDefFoundError: org/slf4j/Logger
WARN  - 2013-07-26 13:19:27.608; org.mortbay.log.Slf4jLog; failed ContextHandlerCollection@62402af3: java.lang.NoClassDefFoundError: org/slf4j/Logger
WARN  - 2013-07-26 13:19:27.608; org.mortbay.log.Slf4jLog; failed HandlerCollection@62c3e9e9: java.lang.NoClassDefFoundError: org/slf4j/Logger
ERROR - 2013-07-26 13:19:27.609; org.mortbay.log.Slf4jLog; Error starting handlers
java.lang.NoClassDefFoundError: org/slf4j/Logger
	at java.lang.Class.getDeclaredMethods0(Native Method)
	at java.lang.Class.privateGetDeclaredMethods(Class.java:2436)
	at java.lang.Class.getMethod0(Class.java:2679)
	at java.lang.Class.getMethod(Class.java:1605)
	at org.mortbay.log.Log.unwind(Log.java:228)
	at org.mortbay.log.Log.warn(Log.java:197)
	at org.mortbay.jetty.webapp.WebAppContext.doStart(WebAppContext.java:507)
	at org.mortbay.component.AbstractLifeCycle.start(AbstractLifeCycle.java:50)
	at org.mortbay.jetty.handler.HandlerCollection.doStart(HandlerCollection.java:152)
	at org.mortbay.jetty.handler.ContextHandlerCollection.doStart(ContextHandlerCollection.java:156)
	at org.mortbay.component.AbstractLifeCycle.start(AbstractLifeCycle.java:50)
	at org.mortbay.jetty.handler.HandlerCollection.doStart(HandlerCollection.java:152)
	at org.mortbay.component.AbstractLifeCycle.start(AbstractLifeCycle.java:50)
	at org.mortbay.jetty.handler.HandlerWrapper.doStart(HandlerWrapper.java:130)
	at org.mortbay.jetty.Server.doStart(Server.java:224)
	at org.mortbay.component.AbstractLifeCycle.start(AbstractLifeCycle.java:50)
	at org.mortbay.xml.XmlConfiguration.main(XmlConfiguration.java:985)
	at sun.reflect.NativeMethodAccessorImpl.invoke0(Native Method)
	at sun.reflect.NativeMethodAccessorImpl.invoke(NativeMethodAccessorImpl.java:39)
	at sun.reflect.DelegatingMethodAccessorImpl.invoke(DelegatingMethodAccessorImpl.java:25)
	at java.lang.reflect.Method.invoke(Method.java:597)
	at org.mortbay.start.Main.invokeMain(Main.java:194)
	at org.mortbay.start.Main.start(Main.java:534)
	at org.mortbay.start.Main.start(Main.java:441)
	at org.mortbay.start.Main.main(Main.java:119)
Caused by: java.lang.ClassNotFoundException: org.slf4j.Logger
	at java.net.URLClassLoader$1.run(URLClassLoader.java:202)
	at java.security.AccessController.doPrivileged(Native Method)
	at java.net.URLClassLoader.findClass(URLClassLoader.java:190)
	at org.mortbay.jetty.webapp.WebAppClassLoader.loadClass(WebAppClassLoader.java:392)
	at org.mortbay.jetty.webapp.WebAppClassLoader.loadClass(WebAppClassLoader.java:363)
	... 25 more
INFO  - 2013-07-26 13:19:27.624; org.mortbay.log.Slf4jLog; Started SocketConnector@0.0.0.0:8080
INFO  - 2013-07-26 13:23:42.770; org.mortbay.log.Slf4jLog; Shutdown hook executing
INFO  - 2013-07-26 13:23:42.770; org.mortbay.log.Slf4jLog; Graceful shutdown SocketConnector@0.0.0.0:8080
INFO  - 2013-07-26 13:23:42.771; org.mortbay.log.Slf4jLog; Graceful shutdown org.mortbay.jetty.webapp.WebAppContext@18987a33{/cores,file:/Users/admin/src/pi/ts-solr/solr-home/cores/}
INFO  - 2013-07-26 13:23:42.771; org.mortbay.log.Slf4jLog; Graceful shutdown org.mortbay.jetty.webapp.WebAppContext@427eb6e2{/lib,file:/Users/admin/src/pi/ts-solr/solr-home/lib/}
INFO  - 2013-07-26 13:23:42.771; org.mortbay.log.Slf4jLog; Graceful shutdown org.mortbay.jetty.webapp.WebAppContext@565bb966{/solr,file:/Users/admin/src/pi/ts-solr/solr-home/solr.war}
INFO  - 2013-07-26 13:23:43.772; org.mortbay.log.Slf4jLog; Stopped SocketConnector@0.0.0.0:8080
INFO  - 2013-07-26 13:23:43.918; org.mortbay.log.Slf4jLog; Shutdown hook complete
